[1.680s] WARNING:colcon.colcon_core.package_selection:Some selected packages are already built in one or more underlay workspaces:
	'component_interface_utils' is in: /home/akm/tilde-autoware/install/component_interface_utils
	'pointcloud_preprocessor' is in: /home/akm/tilde-autoware/install/pointcloud_preprocessor
	'velodyne_monitor' is in: /home/akm/tilde-autoware/install/velodyne_monitor
	'vehicle_info_util' is in: /home/akm/tilde-autoware/install/vehicle_info_util
	'gnss_poser' is in: /home/akm/tilde-autoware/install/gnss_poser
	'tier4_api_utils' is in: /home/akm/tilde-autoware/install/tier4_api_utils
	'component_interface_specs' is in: /home/akm/tilde-autoware/install/component_interface_specs
If a package in a merged underlay workspace is overridden and it installs headers, then all packages in the overlay must sort their include directories by workspace order. Failure to do so may result in build failures or undefined behavior at run time.
If the overridden package is used by another package in any underlay, then the overriding package in the overlay must be API and ABI compatible or undefined behavior at run time may occur.

If you understand the risks and want to override a package anyways, add the following to the command line:
	--allow-overriding component_interface_specs component_interface_utils gnss_poser pointcloud_preprocessor tier4_api_utils vehicle_info_util velodyne_monitor

This may be promoted to an error in a future release of colcon-override-check.
Starting >>> tier4_autoware_utils
Starting >>> vehicle_info_util
Starting >>> autoware_auto_common
Starting >>> time_utils
Starting >>> component_interface_utils
Starting >>> autoware_point_types
Starting >>> component_interface_specs
Starting >>> tier4_pcl_extensions
Starting >>> autoware_ad_api_specs
Starting >>> signal_processing
Starting >>> tier4_api_utils
Starting >>> kalman_filter
Finished <<< autoware_ad_api_specs [3.50s]
Starting >>> rtc_interface
Finished <<< kalman_filter [3.75s]
Starting >>> tvm_utility
Finished <<< component_interface_specs [4.38s]
Starting >>> autoware_testing
Finished <<< time_utils [4.50s]
Starting >>> costmap_generator
Finished <<< tier4_pcl_extensions [4.50s]
Starting >>> detected_object_feature_remover
Finished <<< vehicle_info_util [5.14s]
Starting >>> global_parameter_loader
Finished <<< component_interface_utils [5.50s]
Starting >>> emergency_handler
Finished <<< signal_processing [5.52s]
Starting >>> external_cmd_selector
Finished <<< autoware_auto_common [5.86s]
Starting >>> autoware_auto_tf2
Finished <<< tier4_api_utils [6.22s]
Starting >>> osqp_interface
--- stderr: tvm_utility
CMake Warning at tvm_utility-extras.cmake:60 (message):
  Skipped download for yolo_v2_tiny (enable by setting DOWNLOAD_ARTIFACTS)
Call Stack (most recent call first):
  CMakeLists.txt:53 (get_neural_network)


CMake Warning at CMakeLists.txt:90 (message):
  No model is generated for
  /home/akm/tilde-autoware.universe/common/tvm_utility/test/yolo_v2_tiny,
  skipping test


---
Finished <<< tvm_utility [3.95s]
Starting >>> external_velocity_limit_selector
Finished <<< autoware_testing [3.95s]
Starting >>> geo_pos_conv
Finished <<< global_parameter_loader [3.69s]
Starting >>> gyro_odometer
Finished <<< tier4_autoware_utils [9.08s]
Starting >>> interpolation
Finished <<< rtc_interface [6.53s]
Starting >>> dummy_perception_publisher
Finished <<< detected_object_feature_remover [6.42s]
Starting >>> freespace_planning_algorithms
Finished <<< emergency_handler [6.70s]
Starting >>> grid_map_utils
Finished <<< osqp_interface [5.94s]
Starting >>> shape_estimation
Finished <<< geo_pos_conv [4.62s]
Starting >>> image_transport_decompressor
Finished <<< autoware_auto_tf2 [7.27s]
Starting >>> autoware_auto_geometry
Finished <<< autoware_point_types [13.3s]
Starting >>> pointcloud_preprocessor
Finished <<< external_velocity_limit_selector [7.02s]
Starting >>> map_tf_generator
Finished <<< external_cmd_selector [9.94s]
Starting >>> object_range_splitter
Finished <<< gyro_odometer [7.61s]
Starting >>> pose2twist
Finished <<< interpolation [9.19s]
Starting >>> motion_utils
Finished <<< image_transport_decompressor [7.19s]
Starting >>> perception_utils
Finished <<< object_range_splitter [5.47s]
Starting >>> raw_vehicle_cmd_converter
Finished <<< grid_map_utils [9.71s]
Starting >>> shift_decider
Finished <<< autoware_auto_geometry [8.96s]
Starting >>> tensorrt_yolo
Finished <<< freespace_planning_algorithms [11.4s]
Starting >>> traffic_light_classifier
Finished <<< pose2twist [7.47s]
Starting >>> traffic_light_ssd_fine_detector
Finished <<< shape_estimation [12.7s]
Starting >>> traffic_light_visualization
Finished <<< motion_utils [11.0s]
Starting >>> route_handler
Finished <<< shift_decider [8.20s]
Starting >>> lane_departure_checker
Finished <<< perception_utils [10.0s]
Finished <<< traffic_light_classifier [7.76s]
Starting >>> lidar_centerpoint
Starting >>> ad_api_adaptors
Finished <<< costmap_generator [26.0s]
Starting >>> ad_service_state_monitor
Finished <<< dummy_perception_publisher [21.1s]
Starting >>> automatic_pose_initializer
Finished <<< traffic_light_ssd_fine_detector [7.40s]
Starting >>> ekf_localizer
Finished <<< raw_vehicle_cmd_converter [11.4s]
Starting >>> fake_test_node
Finished <<< tensorrt_yolo [13.5s]
Starting >>> fault_injection
--- stderr: map_tf_generator
** WARNING ** io features related to pcap will be disabled
---
Finished <<< map_tf_generator [21.6s]
Starting >>> lidar_apollo_instance_segmentation
Finished <<< traffic_light_visualization [11.9s]
Starting >>> map_loader
Finished <<< ad_api_adaptors [6.75s]
Starting >>> motion_testing
Finished <<< automatic_pose_initializer [6.16s]
Starting >>> ndt_scan_matcher
Finished <<< fake_test_node [7.00s]
Starting >>> planning_error_monitor
Finished <<< motion_testing [13.4s]
Starting >>> motion_common
Finished <<< ad_service_state_monitor [21.9s]
Starting >>> system_error_monitor
Finished <<< fault_injection [17.4s]
Starting >>> system_monitor
--- stderr: pointcloud_preprocessor
In file included from /home/akm/tilde-autoware.universe/sensing/pointcloud_preprocessor/src/filter.cpp:52:
/home/akm/tilde-autoware.universe/sensing/pointcloud_preprocessor/include/pointcloud_preprocessor/filter.hpp:84:10: fatal error: tilde/tilde_publisher.hpp: No such file or directory
   84 | #include "tilde/tilde_publisher.hpp"
      |          ^~~~~~~~~~~~~~~~~~~~~~~~~~~
compilation terminated.
gmake[2]: *** [CMakeFiles/pointcloud_preprocessor_filter_base.dir/build.make:76: CMakeFiles/pointcloud_preprocessor_filter_base.dir/src/filter.cpp.o] Error 1
gmake[1]: *** [CMakeFiles/Makefile2:173: CMakeFiles/pointcloud_preprocessor_filter_base.dir/all] Error 2
gmake[1]: *** Waiting for unfinished jobs....
gmake: *** [Makefile:146: all] Error 2
---
Failed   <<< pointcloud_preprocessor [39.9s, exited with code 2]
Starting >>> traffic_light_map_based_detector
Finished <<< route_handler [25.4s]
Starting >>> vehicle_cmd_gate
Finished <<< planning_error_monitor [17.1s]
Starting >>> default_ad_api
Finished <<< ekf_localizer [25.3s]
Starting >>> detected_object_validation
Finished <<< motion_common [10.2s]
Starting >>> trajectory_follower
--- stderr: lidar_apollo_instance_segmentation
** WARNING ** io features related to pcap will be disabled
---
Finished <<< lidar_apollo_instance_segmentation [25.1s]
Starting >>> motion_velocity_smoother
Finished <<< lane_departure_checker [31.7s]
Starting >>> external_cmd_converter
Finished <<< system_error_monitor [10.7s]
Starting >>> lidar_apollo_segmentation_tvm
Finished <<< lidar_centerpoint [36.6s]
Starting >>> map_based_prediction
Finished <<< traffic_light_map_based_detector [13.7s]
Starting >>> multi_object_tracker
Finished <<< vehicle_cmd_gate [12.7s]
Starting >>> object_merger
--- stderr: map_loader
** WARNING ** io features related to pcap will be disabled
** WARNING ** io features related to png will be disabled
---
Finished <<< map_loader [33.7s]
Starting >>> obstacle_avoidance_planner
Finished <<< default_ad_api [15.3s]
Starting >>> obstacle_cruise_planner
Finished <<< external_cmd_converter [13.8s]
Starting >>> obstacle_stop_planner
--- stderr: ndt_scan_matcher
** WARNING ** io features related to pcap will be disabled
** WARNING ** io features related to png will be disabled
In file included from /home/akm/tilde-autoware.universe/localization/ndt_scan_matcher/src/ndt_scan_matcher_node.cpp:15:
/home/akm/tilde-autoware.universe/localization/ndt_scan_matcher/include/ndt_scan_matcher/ndt_scan_matcher_core.hpp:92:7: error: redefinition of ‘class NDTScanMatcher’
   92 | class NDTScanMatcher : public tilde::TildeNode
      |       ^~~~~~~~~~~~~~
/home/akm/tilde-autoware.universe/localization/ndt_scan_matcher/include/ndt_scan_matcher/ndt_scan_matcher_core.hpp:81:7: note: previous definition of ‘class NDTScanMatcher’
   81 | class NDTScanMatcher : public tilde::TildeNode
      |       ^~~~~~~~~~~~~~
In file included from /home/akm/tilde-autoware.universe/localization/ndt_scan_matcher/src/ndt_scan_matcher_core.cpp:15:
/home/akm/tilde-autoware.universe/localization/ndt_scan_matcher/include/ndt_scan_matcher/ndt_scan_matcher_core.hpp:92:7: error: redefinition of ‘class NDTScanMatcher’
   92 | class NDTScanMatcher : public tilde::TildeNode
      |       ^~~~~~~~~~~~~~
/home/akm/tilde-autoware.universe/localization/ndt_scan_matcher/include/ndt_scan_matcher/ndt_scan_matcher_core.hpp:81:7: note: previous definition of ‘class NDTScanMatcher’
   81 | class NDTScanMatcher : public tilde::TildeNode
      |       ^~~~~~~~~~~~~~
/home/akm/tilde-autoware.universe/localization/ndt_scan_matcher/src/ndt_scan_matcher_core.cpp:82:32: error: definition of implicitly-declared ‘NDTScanMatcher::NDTScanMatcher()’
   82 | NDTScanMatcher::NDTScanMatcher()
      |                                ^
/home/akm/tilde-autoware.universe/localization/ndt_scan_matcher/src/ndt_scan_matcher_core.cpp:236:6: error: no declaration matches ‘void NDTScanMatcher::timer_diagnostic()’
  236 | void NDTScanMatcher::timer_diagnostic()
      |      ^~~~~~~~~~~~~~
/home/akm/tilde-autoware.universe/localization/ndt_scan_matcher/src/ndt_scan_matcher_core.cpp:236:6: note: no functions named ‘void NDTScanMatcher::timer_diagnostic()’
In file included from /home/akm/tilde-autoware.universe/localization/ndt_scan_matcher/src/ndt_scan_matcher_core.cpp:15:
/home/akm/tilde-autoware.universe/localization/ndt_scan_matcher/include/ndt_scan_matcher/ndt_scan_matcher_core.hpp:81:7: note: ‘class NDTScanMatcher’ defined here
   81 | class NDTScanMatcher : public tilde::TildeNode
      |       ^~~~~~~~~~~~~~
/home/akm/tilde-autoware.universe/localization/ndt_scan_matcher/src/ndt_scan_matcher_core.cpp:287:6: error: no declaration matches ‘void NDTScanMatcher::service_ndt_align(tier4_localization_msgs::srv::PoseWithCovarianceStamped_Request_<std::allocator<void> >::SharedPtr, tier4_localization_msgs::srv::PoseWithCovarianceStamped_Response_<std::allocator<void> >::SharedPtr)’
  287 | void NDTScanMatcher::service_ndt_align(
      |      ^~~~~~~~~~~~~~
/home/akm/tilde-autoware.universe/localization/ndt_scan_matcher/src/ndt_scan_matcher_core.cpp:287:6: note: no functions named ‘void NDTScanMatcher::service_ndt_align(tier4_localization_msgs::srv::PoseWithCovarianceStamped_Request_<std::allocator<void> >::SharedPtr, tier4_localization_msgs::srv::PoseWithCovarianceStamped_Response_<std::allocator<void> >::SharedPtr)’
In file included from /home/akm/tilde-autoware.universe/localization/ndt_scan_matcher/src/ndt_scan_matcher_core.cpp:15:
/home/akm/tilde-autoware.universe/localization/ndt_scan_matcher/include/ndt_scan_matcher/ndt_scan_matcher_core.hpp:81:7: note: ‘class NDTScanMatcher’ defined here
   81 | class NDTScanMatcher : public tilde::TildeNode
      |       ^~~~~~~~~~~~~~
/home/akm/tilde-autoware.universe/localization/ndt_scan_matcher/src/ndt_scan_matcher_core.cpp:321:6: error: no declaration matches ‘void NDTScanMatcher::callback_initial_pose(geometry_msgs::msg::PoseWithCovarianceStamped_<std::allocator<void> >::ConstSharedPtr)’
  321 | void NDTScanMatcher::callback_initial_pose(
      |      ^~~~~~~~~~~~~~
/home/akm/tilde-autoware.universe/localization/ndt_scan_matcher/src/ndt_scan_matcher_core.cpp:321:6: note: no functions named ‘void NDTScanMatcher::callback_initial_pose(geometry_msgs::msg::PoseWithCovarianceStamped_<std::allocator<void> >::ConstSharedPtr)’
In file included from /home/akm/tilde-autoware.universe/localization/ndt_scan_matcher/src/ndt_scan_matcher_core.cpp:15:
/home/akm/tilde-autoware.universe/localization/ndt_scan_matcher/include/ndt_scan_matcher/ndt_scan_matcher_core.hpp:81:7: note: ‘class NDTScanMatcher’ defined here
   81 | class NDTScanMatcher : public tilde::TildeNode
      |       ^~~~~~~~~~~~~~
/home/akm/tilde-autoware.universe/localization/ndt_scan_matcher/src/ndt_scan_matcher_core.cpp:355:6: error: no declaration matches ‘void NDTScanMatcher::callback_regularization_pose(geometry_msgs::msg::PoseWithCovarianceStamped_<std::allocator<void> >::ConstSharedPtr)’
  355 | void NDTScanMatcher::callback_regularization_pose(
      |      ^~~~~~~~~~~~~~
/home/akm/tilde-autoware.universe/localization/ndt_scan_matcher/src/ndt_scan_matcher_core.cpp:355:6: note: no functions named ‘void NDTScanMatcher::callback_regularization_pose(geometry_msgs::msg::PoseWithCovarianceStamped_<std::allocator<void> >::ConstSharedPtr)’
In file included from /home/akm/tilde-autoware.universe/localization/ndt_scan_matcher/src/ndt_scan_matcher_core.cpp:15:
/home/akm/tilde-autoware.universe/localization/ndt_scan_matcher/include/ndt_scan_matcher/ndt_scan_matcher_core.hpp:81:7: note: ‘class NDTScanMatcher’ defined here
   81 | class NDTScanMatcher : public tilde::TildeNode
      |       ^~~~~~~~~~~~~~
/home/akm/tilde-autoware.universe/localization/ndt_scan_matcher/src/ndt_scan_matcher_core.cpp:361:6: error: no declaration matches ‘void NDTScanMatcher::callback_map_points(sensor_msgs::msg::PointCloud2_<std::allocator<void> >::ConstSharedPtr)’
  361 | void NDTScanMatcher::callback_map_points(
      |      ^~~~~~~~~~~~~~
/home/akm/tilde-autoware.universe/localization/ndt_scan_matcher/src/ndt_scan_matcher_core.cpp:361:6: note: no functions named ‘void NDTScanMatcher::callback_map_points(sensor_msgs::msg::PointCloud2_<std::allocator<void> >::ConstSharedPtr)’
In file included from /home/akm/tilde-autoware.universe/localization/ndt_scan_matcher/src/ndt_scan_matcher_core.cpp:15:
/home/akm/tilde-autoware.universe/localization/ndt_scan_matcher/include/ndt_scan_matcher/ndt_scan_matcher_core.hpp:81:7: note: ‘class NDTScanMatcher’ defined here
   81 | class NDTScanMatcher : public tilde::TildeNode
      |       ^~~~~~~~~~~~~~
/home/akm/tilde-autoware.universe/localization/ndt_scan_matcher/src/ndt_scan_matcher_core.cpp:387:6: error: no declaration matches ‘void NDTScanMatcher::callback_sensor_points(sensor_msgs::msg::PointCloud2_<std::allocator<void> >::ConstSharedPtr)’
  387 | void NDTScanMatcher::callback_sensor_points(
      |      ^~~~~~~~~~~~~~
/home/akm/tilde-autoware.universe/localization/ndt_scan_matcher/src/ndt_scan_matcher_core.cpp:387:6: note: no functions named ‘void NDTScanMatcher::callback_sensor_points(sensor_msgs::msg::PointCloud2_<std::allocator<void> >::ConstSharedPtr)’
In file included from /home/akm/tilde-autoware.universe/localization/ndt_scan_matcher/src/ndt_scan_matcher_core.cpp:15:
/home/akm/tilde-autoware.universe/localization/ndt_scan_matcher/include/ndt_scan_matcher/ndt_scan_matcher_core.hpp:81:7: note: ‘class NDTScanMatcher’ defined here
   81 | class NDTScanMatcher : public tilde::TildeNode
      |       ^~~~~~~~~~~~~~
/home/akm/tilde-autoware.universe/localization/ndt_scan_matcher/src/ndt_scan_matcher_core.cpp:505:41: error: ‘PointSource’ was not declared in this scope
  505 |   const pcl::shared_ptr<pcl::PointCloud<PointSource>> sensor_points_input_ptr,
      |                                         ^~~~~~~~~~~
/home/akm/tilde-autoware.universe/localization/ndt_scan_matcher/src/ndt_scan_matcher_core.cpp:505:41: error: template argument 1 is invalid
/home/akm/tilde-autoware.universe/localization/ndt_scan_matcher/src/ndt_scan_matcher_core.cpp:505:52: error: template argument 1 is invalid
  505 |   const pcl::shared_ptr<pcl::PointCloud<PointSource>> sensor_points_input_ptr,
      |                                                    ^~
/home/akm/tilde-autoware.universe/localization/ndt_scan_matcher/src/ndt_scan_matcher_core.cpp:506:35: error: ‘PointSource’ was not declared in this scope
  506 |   pcl::shared_ptr<pcl::PointCloud<PointSource>> sensor_points_output_ptr)
      |                                   ^~~~~~~~~~~
/home/akm/tilde-autoware.universe/localization/ndt_scan_matcher/src/ndt_scan_matcher_core.cpp:506:35: error: template argument 1 is invalid
/home/akm/tilde-autoware.universe/localization/ndt_scan_matcher/src/ndt_scan_matcher_core.cpp:506:46: error: template argument 1 is invalid
  506 |   pcl::shared_ptr<pcl::PointCloud<PointSource>> sensor_points_output_ptr)
      |                                              ^~
/home/akm/tilde-autoware.universe/localization/ndt_scan_matcher/src/ndt_scan_matcher_core.cpp:503:6: error: no declaration matches ‘void NDTScanMatcher::transform_sensor_measurement(std::string, std::string, int, int)’
  503 | void NDTScanMatcher::transform_sensor_measurement(
      |      ^~~~~~~~~~~~~~
/home/akm/tilde-autoware.universe/localization/ndt_scan_matcher/src/ndt_scan_matcher_core.cpp:503:6: note: no functions named ‘void NDTScanMatcher::transform_sensor_measurement(std::string, std::string, int, int)’
In file included from /home/akm/tilde-autoware.universe/localization/ndt_scan_matcher/src/ndt_scan_matcher_core.cpp:15:
/home/akm/tilde-autoware.universe/localization/ndt_scan_matcher/include/ndt_scan_matcher/ndt_scan_matcher_core.hpp:81:7: note: ‘class NDTScanMatcher’ defined here
   81 | class NDTScanMatcher : public tilde::TildeNode
      |       ^~~~~~~~~~~~~~
/home/akm/tilde-autoware.universe/localization/ndt_scan_matcher/src/ndt_scan_matcher_core.cpp:519:11: error: no declaration matches ‘NdtResult NDTScanMatcher::align(const Pose&)’
  519 | NdtResult NDTScanMatcher::align(const geometry_msgs::msg::Pose & initial_pose_msg)
      |           ^~~~~~~~~~~~~~
/home/akm/tilde-autoware.universe/localization/ndt_scan_matcher/src/ndt_scan_matcher_core.cpp:519:11: note: no functions named ‘NdtResult NDTScanMatcher::align(const Pose&)’
In file included from /home/akm/tilde-autoware.universe/localization/ndt_scan_matcher/src/ndt_scan_matcher_core.cpp:15:
/home/akm/tilde-autoware.universe/localization/ndt_scan_matcher/include/ndt_scan_matcher/ndt_scan_matcher_core.hpp:81:7: note: ‘class NDTScanMatcher’ defined here
   81 | class NDTScanMatcher : public tilde::TildeNode
      |       ^~~~~~~~~~~~~~
/home/akm/tilde-autoware.universe/localization/ndt_scan_matcher/src/ndt_scan_matcher_core.cpp:545:25: error: ‘NormalDistributionsTransform’ was not declared in this scope; did you mean ‘pclomp::NormalDistributionsTransform’?
  545 |   const std::shared_ptr<NormalDistributionsTransform> & ndt_ptr,
      |                         ^~~~~~~~~~~~~~~~~~~~~~~~~~~~
      |                         pclomp::NormalDistributionsTransform
In file included from /home/akm/tilde-autoware.universe/localization/ndt_scan_matcher/include/ndt_scan_matcher/ndt_scan_matcher_core.hpp:38,
                 from /home/akm/tilde-autoware.universe/localization/ndt_scan_matcher/src/ndt_scan_matcher_core.cpp:15:
/home/akm/tilde-autoware/install/ndt_omp/include/pclomp/ndt_omp.h:73:8: note: ‘pclomp::NormalDistributionsTransform’ declared here
   73 |  class NormalDistributionsTransform : public pcl::Registration<PointSource, PointTarget>
      |        ^~~~~~~~~~~~~~~~~~~~~~~~~~~~
/home/akm/tilde-autoware.universe/localization/ndt_scan_matcher/src/ndt_scan_matcher_core.cpp:545:53: error: template argument 1 is invalid
  545 |   const std::shared_ptr<NormalDistributionsTransform> & ndt_ptr,
      |                                                     ^
/home/akm/tilde-autoware.universe/localization/ndt_scan_matcher/src/ndt_scan_matcher_core.cpp:544:47: error: no declaration matches ‘geometry_msgs::msg::PoseWithCovarianceStamped NDTScanMatcher::align_using_monte_carlo(const int&, const PoseWithCovarianceStamped&)’
  544 | geometry_msgs::msg::PoseWithCovarianceStamped NDTScanMatcher::align_using_monte_carlo(
      |                                               ^~~~~~~~~~~~~~
/home/akm/tilde-autoware.universe/localization/ndt_scan_matcher/src/ndt_scan_matcher_core.cpp:544:47: note: no functions named ‘geometry_msgs::msg::PoseWithCovarianceStamped NDTScanMatcher::align_using_monte_carlo(const int&, const PoseWithCovarianceStamped&)’
In file included from /home/akm/tilde-autoware.universe/localization/ndt_scan_matcher/src/ndt_scan_matcher_core.cpp:15:
/home/akm/tilde-autoware.universe/localization/ndt_scan_matcher/include/ndt_scan_matcher/ndt_scan_matcher_core.hpp:81:7: note: ‘class NDTScanMatcher’ defined here
   81 | class NDTScanMatcher : public tilde::TildeNode
      |       ^~~~~~~~~~~~~~
/home/akm/tilde-autoware.universe/localization/ndt_scan_matcher/src/ndt_scan_matcher_core.cpp:590:6: error: no declaration matches ‘void NDTScanMatcher::publish_tf(const rclcpp::Time&, const Pose&)’
  590 | void NDTScanMatcher::publish_tf(
      |      ^~~~~~~~~~~~~~
/home/akm/tilde-autoware.universe/localization/ndt_scan_matcher/src/ndt_scan_matcher_core.cpp:590:6: note: no functions named ‘void NDTScanMatcher::publish_tf(const rclcpp::Time&, const Pose&)’
In file included from /home/akm/tilde-autoware.universe/localization/ndt_scan_matcher/src/ndt_scan_matcher_core.cpp:15:
/home/akm/tilde-autoware.universe/localization/ndt_scan_matcher/include/ndt_scan_matcher/ndt_scan_matcher_core.hpp:81:7: note: ‘class NDTScanMatcher’ defined here
   81 | class NDTScanMatcher : public tilde::TildeNode
      |       ^~~~~~~~~~~~~~
/home/akm/tilde-autoware.universe/localization/ndt_scan_matcher/src/ndt_scan_matcher_core.cpp:601:6: error: no declaration matches ‘void NDTScanMatcher::publish_pose(const rclcpp::Time&, const Pose&, bool)’
  601 | void NDTScanMatcher::publish_pose(
      |      ^~~~~~~~~~~~~~
/home/akm/tilde-autoware.universe/localization/ndt_scan_matcher/src/ndt_scan_matcher_core.cpp:601:6: note: no functions named ‘void NDTScanMatcher::publish_pose(const rclcpp::Time&, const Pose&, bool)’
In file included from /home/akm/tilde-autoware.universe/localization/ndt_scan_matcher/src/ndt_scan_matcher_core.cpp:15:
/home/akm/tilde-autoware.universe/localization/ndt_scan_matcher/include/ndt_scan_matcher/ndt_scan_matcher_core.hpp:81:7: note: ‘class NDTScanMatcher’ defined here
   81 | class NDTScanMatcher : public tilde::TildeNode
      |       ^~~~~~~~~~~~~~
/home/akm/tilde-autoware.universe/localization/ndt_scan_matcher/src/ndt_scan_matcher_core.cpp:624:47: error: ‘PointSource’ was not declared in this scope
  624 |   const std::shared_ptr<const pcl::PointCloud<PointSource>> & sensor_points_mapTF_ptr)
      |                                               ^~~~~~~~~~~
/home/akm/tilde-autoware.universe/localization/ndt_scan_matcher/src/ndt_scan_matcher_core.cpp:624:47: error: template argument 1 is invalid
/home/akm/tilde-autoware.universe/localization/ndt_scan_matcher/src/ndt_scan_matcher_core.cpp:624:58: error: template argument 1 is invalid
  624 |   const std::shared_ptr<const pcl::PointCloud<PointSource>> & sensor_points_mapTF_ptr)
      |                                                          ^~
/home/akm/tilde-autoware.universe/localization/ndt_scan_matcher/src/ndt_scan_matcher_core.cpp:622:6: error: no declaration matches ‘void NDTScanMatcher::publish_point_cloud(const rclcpp::Time&, const string&, const int&)’
  622 | void NDTScanMatcher::publish_point_cloud(
      |      ^~~~~~~~~~~~~~
/home/akm/tilde-autoware.universe/localization/ndt_scan_matcher/src/ndt_scan_matcher_core.cpp:622:6: note: no functions named ‘void NDTScanMatcher::publish_point_cloud(const rclcpp::Time&, const string&, const int&)’
In file included from /home/akm/tilde-autoware.universe/localization/ndt_scan_matcher/src/ndt_scan_matcher_core.cpp:15:
/home/akm/tilde-autoware.universe/localization/ndt_scan_matcher/include/ndt_scan_matcher/ndt_scan_matcher_core.hpp:81:7: note: ‘class NDTScanMatcher’ defined here
   81 | class NDTScanMatcher : public tilde::TildeNode
      |       ^~~~~~~~~~~~~~
/home/akm/tilde-autoware.universe/localization/ndt_scan_matcher/src/ndt_scan_matcher_core.cpp:633:6: error: no declaration matches ‘void NDTScanMatcher::publish_marker(const rclcpp::Time&, const std::vector<geometry_msgs::msg::Pose_<std::allocator<void> > >&)’
  633 | void NDTScanMatcher::publish_marker(
      |      ^~~~~~~~~~~~~~
/home/akm/tilde-autoware.universe/localization/ndt_scan_matcher/src/ndt_scan_matcher_core.cpp:633:6: note: no functions named ‘void NDTScanMatcher::publish_marker(const rclcpp::Time&, const std::vector<geometry_msgs::msg::Pose_<std::allocator<void> > >&)’
In file included from /home/akm/tilde-autoware.universe/localization/ndt_scan_matcher/src/ndt_scan_matcher_core.cpp:15:
/home/akm/tilde-autoware.universe/localization/ndt_scan_matcher/include/ndt_scan_matcher/ndt_scan_matcher_core.hpp:81:7: note: ‘class NDTScanMatcher’ defined here
   81 | class NDTScanMatcher : public tilde::TildeNode
      |       ^~~~~~~~~~~~~~
/home/akm/tilde-autoware.universe/localization/ndt_scan_matcher/src/ndt_scan_matcher_core.cpp:663:6: error: no declaration matches ‘void NDTScanMatcher::publish_initial_to_result_distances(const rclcpp::Time&, const Pose&, const PoseWithCovarianceStamped&, const PoseWithCovarianceStamped&, const PoseWithCovarianceStamped&)’
  663 | void NDTScanMatcher::publish_initial_to_result_distances(
      |      ^~~~~~~~~~~~~~
/home/akm/tilde-autoware.universe/localization/ndt_scan_matcher/src/ndt_scan_matcher_core.cpp:663:6: note: no functions named ‘void NDTScanMatcher::publish_initial_to_result_distances(const rclcpp::Time&, const Pose&, const PoseWithCovarianceStamped&, const PoseWithCovarianceStamped&, const PoseWithCovarianceStamped&)’
In file included from /home/akm/tilde-autoware.universe/localization/ndt_scan_matcher/src/ndt_scan_matcher_core.cpp:15:
/home/akm/tilde-autoware.universe/localization/ndt_scan_matcher/include/ndt_scan_matcher/ndt_scan_matcher_core.hpp:81:7: note: ‘class NDTScanMatcher’ defined here
   81 | class NDTScanMatcher : public tilde::TildeNode
      |       ^~~~~~~~~~~~~~
/home/akm/tilde-autoware.universe/localization/ndt_scan_matcher/src/ndt_scan_matcher_core.cpp:685:6: error: no declaration matches ‘bool NDTScanMatcher::validate_num_iteration(int, int)’
  685 | bool NDTScanMatcher::validate_num_iteration(const int iter_num, const int max_iter_num)
      |      ^~~~~~~~~~~~~~
/home/akm/tilde-autoware.universe/localization/ndt_scan_matcher/src/ndt_scan_matcher_core.cpp:685:6: note: no functions named ‘bool NDTScanMatcher::validate_num_iteration(int, int)’
In file included from /home/akm/tilde-autoware.universe/localization/ndt_scan_matcher/src/ndt_scan_matcher_core.cpp:15:
/home/akm/tilde-autoware.universe/localization/ndt_scan_matcher/include/ndt_scan_matcher/ndt_scan_matcher_core.hpp:81:7: note: ‘class NDTScanMatcher’ defined here
   81 | class NDTScanMatcher : public tilde::TildeNode
      |       ^~~~~~~~~~~~~~
/home/akm/tilde-autoware.universe/localization/ndt_scan_matcher/src/ndt_scan_matcher_core.cpp:698:6: error: no declaration matches ‘bool NDTScanMatcher::validate_score(double, double, std::string)’
  698 | bool NDTScanMatcher::validate_score(
      |      ^~~~~~~~~~~~~~
/home/akm/tilde-autoware.universe/localization/ndt_scan_matcher/src/ndt_scan_matcher_core.cpp:698:6: note: no functions named ‘bool NDTScanMatcher::validate_score(double, double, std::string)’
In file included from /home/akm/tilde-autoware.universe/localization/ndt_scan_matcher/src/ndt_scan_matcher_core.cpp:15:
/home/akm/tilde-autoware.universe/localization/ndt_scan_matcher/include/ndt_scan_matcher/ndt_scan_matcher_core.hpp:81:7: note: ‘class NDTScanMatcher’ defined here
   81 | class NDTScanMatcher : public tilde::TildeNode
      |       ^~~~~~~~~~~~~~
/home/akm/tilde-autoware.universe/localization/ndt_scan_matcher/src/ndt_scan_matcher_core.cpp:710:6: error: no declaration matches ‘bool NDTScanMatcher::validate_converged_param(const double&, const double&)’
  710 | bool NDTScanMatcher::validate_converged_param(
      |      ^~~~~~~~~~~~~~
/home/akm/tilde-autoware.universe/localization/ndt_scan_matcher/src/ndt_scan_matcher_core.cpp:710:6: note: no functions named ‘bool NDTScanMatcher::validate_converged_param(const double&, const double&)’
In file included from /home/akm/tilde-autoware.universe/localization/ndt_scan_matcher/src/ndt_scan_matcher_core.cpp:15:
/home/akm/tilde-autoware.universe/localization/ndt_scan_matcher/include/ndt_scan_matcher/ndt_scan_matcher_core.hpp:81:7: note: ‘class NDTScanMatcher’ defined here
   81 | class NDTScanMatcher : public tilde::TildeNode
      |       ^~~~~~~~~~~~~~
/home/akm/tilde-autoware.universe/localization/ndt_scan_matcher/src/ndt_scan_matcher_core.cpp:730:32: error: no declaration matches ‘std::optional<Eigen::Matrix<float, 4, 4> > NDTScanMatcher::interpolate_regularization_pose(const rclcpp::Time&)’
  730 | std::optional<Eigen::Matrix4f> NDTScanMatcher::interpolate_regularization_pose(
      |                                ^~~~~~~~~~~~~~
/home/akm/tilde-autoware.universe/localization/ndt_scan_matcher/src/ndt_scan_matcher_core.cpp:730:32: note: no functions named ‘std::optional<Eigen::Matrix<float, 4, 4> > NDTScanMatcher::interpolate_regularization_pose(const rclcpp::Time&)’
In file included from /home/akm/tilde-autoware.universe/localization/ndt_scan_matcher/src/ndt_scan_matcher_core.cpp:15:
/home/akm/tilde-autoware.universe/localization/ndt_scan_matcher/include/ndt_scan_matcher/ndt_scan_matcher_core.hpp:81:7: note: ‘class NDTScanMatcher’ defined here
   81 | class NDTScanMatcher : public tilde::TildeNode
      |       ^~~~~~~~~~~~~~
/home/akm/tilde-autoware.universe/localization/ndt_scan_matcher/src/ndt_scan_matcher_core.cpp:750:6: error: no declaration matches ‘void NDTScanMatcher::add_regularization_pose(const rclcpp::Time&)’
  750 | void NDTScanMatcher::add_regularization_pose(const rclcpp::Time & sensor_ros_time)
      |      ^~~~~~~~~~~~~~
/home/akm/tilde-autoware.universe/localization/ndt_scan_matcher/src/ndt_scan_matcher_core.cpp:750:6: note: no functions named ‘void NDTScanMatcher::add_regularization_pose(const rclcpp::Time&)’
In file included from /home/akm/tilde-autoware.universe/localization/ndt_scan_matcher/src/ndt_scan_matcher_core.cpp:15:
/home/akm/tilde-autoware.universe/localization/ndt_scan_matcher/include/ndt_scan_matcher/ndt_scan_matcher_core.hpp:81:7: note: ‘class NDTScanMatcher’ defined here
   81 | class NDTScanMatcher : public tilde::TildeNode
      |       ^~~~~~~~~~~~~~
/home/akm/tilde-autoware.universe/localization/ndt_scan_matcher/src/ndt_scan_matcher_core.cpp:760:6: error: no declaration matches ‘void NDTScanMatcher::service_trigger_node(std_srvs::srv::SetBool_Request_<std::allocator<void> >::SharedPtr, std_srvs::srv::SetBool_Response_<std::allocator<void> >::SharedPtr)’
  760 | void NDTScanMatcher::service_trigger_node(
      |      ^~~~~~~~~~~~~~
/home/akm/tilde-autoware.universe/localization/ndt_scan_matcher/src/ndt_scan_matcher_core.cpp:760:6: note: no functions named ‘void NDTScanMatcher::service_trigger_node(std_srvs::srv::SetBool_Request_<std::allocator<void> >::SharedPtr, std_srvs::srv::SetBool_Response_<std::allocator<void> >::SharedPtr)’
In file included from /home/akm/tilde-autoware.universe/localization/ndt_scan_matcher/src/ndt_scan_matcher_core.cpp:15:
/home/akm/tilde-autoware.universe/localization/ndt_scan_matcher/include/ndt_scan_matcher/ndt_scan_matcher_core.hpp:81:7: note: ‘class NDTScanMatcher’ defined here
   81 | class NDTScanMatcher : public tilde::TildeNode
      |       ^~~~~~~~~~~~~~
In file included from /usr/include/x86_64-linux-gnu/c++/10/bits/c++allocator.h:33,
                 from /usr/include/c++/10/bits/allocator.h:46,
                 from /usr/include/c++/10/unordered_map:40,
                 from /usr/include/c++/10/functional:61,
                 from /usr/include/c++/10/pstl/glue_algorithm_defs.h:13,
                 from /usr/include/c++/10/algorithm:74,
                 from /opt/ros/humble/include/geometry_msgs/geometry_msgs/msg/detail/pose__struct.hpp:8,
                 from /opt/ros/humble/include/geometry_msgs/geometry_msgs/msg/pose.hpp:7,
                 from /home/akm/tilde-autoware.universe/localization/ndt_scan_matcher/include/ndt_scan_matcher/particle.hpp:18,
                 from /home/akm/tilde-autoware.universe/localization/ndt_scan_matcher/include/ndt_scan_matcher/ndt_scan_matcher_core.hpp:20,
                 from /home/akm/tilde-autoware.universe/localization/ndt_scan_matcher/src/ndt_scan_matcher_node.cpp:15:
/usr/include/c++/10/ext/new_allocator.h: In instantiation of ‘void __gnu_cxx::new_allocator<_Tp>::construct(_Up*, _Args&& ...) [with _Up = NDTScanMatcher; _Args = {}; _Tp = NDTScanMatcher]’:
/usr/include/c++/10/bits/alloc_traits.h:512:17:   required from ‘static void std::allocator_traits<std::allocator<_Tp1> >::construct(std::allocator_traits<std::allocator<_Tp1> >::allocator_type&, _Up*, _Args&& ...) [with _Up = NDTScanMatcher; _Args = {}; _Tp = NDTScanMatcher; std::allocator_traits<std::allocator<_Tp1> >::allocator_type = std::allocator<NDTScanMatcher>]’
/usr/include/c++/10/bits/shared_ptr_base.h:551:39:   required from ‘std::_Sp_counted_ptr_inplace<_Tp, _Alloc, _Lp>::_Sp_counted_ptr_inplace(_Alloc, _Args&& ...) [with _Args = {}; _Tp = NDTScanMatcher; _Alloc = std::allocator<NDTScanMatcher>; __gnu_cxx::_Lock_policy _Lp = __gnu_cxx::_S_atomic]’
/usr/include/c++/10/bits/shared_ptr_base.h:682:16:   required from ‘std::__shared_count<_Lp>::__shared_count(_Tp*&, std::_Sp_alloc_shared_tag<_Alloc>, _Args&& ...) [with _Tp = NDTScanMatcher; _Alloc = std::allocator<NDTScanMatcher>; _Args = {}; __gnu_cxx::_Lock_policy _Lp = __gnu_cxx::_S_atomic]’
/usr/include/c++/10/bits/shared_ptr_base.h:1376:71:   required from ‘std::__shared_ptr<_Tp, _Lp>::__shared_ptr(std::_Sp_alloc_shared_tag<_Tp>, _Args&& ...) [with _Alloc = std::allocator<NDTScanMatcher>; _Args = {}; _Tp = NDTScanMatcher; __gnu_cxx::_Lock_policy _Lp = __gnu_cxx::_S_atomic]’
/usr/include/c++/10/bits/shared_ptr.h:408:59:   required from ‘std::shared_ptr<_Tp>::shared_ptr(std::_Sp_alloc_shared_tag<_Tp>, _Args&& ...) [with _Alloc = std::allocator<NDTScanMatcher>; _Args = {}; _Tp = NDTScanMatcher]’
/usr/include/c++/10/bits/shared_ptr.h:861:14:   required from ‘std::shared_ptr<_Tp> std::allocate_shared(const _Alloc&, _Args&& ...) [with _Tp = NDTScanMatcher; _Alloc = std::allocator<NDTScanMatcher>; _Args = {}]’
/usr/include/c++/10/bits/shared_ptr.h:877:39:   required from ‘std::shared_ptr<_Tp> std::make_shared(_Args&& ...) [with _Tp = NDTScanMatcher; _Args = {}]’
/home/akm/tilde-autoware.universe/localization/ndt_scan_matcher/src/ndt_scan_matcher_node.cpp:22:60:   required from here
/usr/include/c++/10/ext/new_allocator.h:156:4: error: use of deleted function ‘NDTScanMatcher::NDTScanMatcher()’
  156 |  { ::new((void *)__p) _Up(std::forward<_Args>(__args)...); }
      |    ^~~~~~~~~~~~~~~~~~~~~~~~~~~~~~~~~~~~~~~~~~~~~~~~~~~~~~
In file included from /home/akm/tilde-autoware.universe/localization/ndt_scan_matcher/src/ndt_scan_matcher_node.cpp:15:
/home/akm/tilde-autoware.universe/localization/ndt_scan_matcher/include/ndt_scan_matcher/ndt_scan_matcher_core.hpp:81:7: note: ‘NDTScanMatcher::NDTScanMatcher()’ is implicitly deleted because the default definition would be ill-formed:
   81 | class NDTScanMatcher : public tilde::TildeNode
      |       ^~~~~~~~~~~~~~
/home/akm/tilde-autoware.universe/localization/ndt_scan_matcher/include/ndt_scan_matcher/ndt_scan_matcher_core.hpp:81:7: error: no matching function for call to ‘tilde::TildeNode::TildeNode()’
In file included from /home/akm/tilde-autoware.universe/localization/ndt_scan_matcher/include/ndt_scan_matcher/ndt_scan_matcher_core.hpp:65,
                 from /home/akm/tilde-autoware.universe/localization/ndt_scan_matcher/src/ndt_scan_matcher_node.cpp:15:
/home/akm/tilde-autoware/install/tilde/include/tilde/tilde_node.hpp:77:12: note: candidate: ‘tilde::TildeNode::TildeNode(const string&, const string&, const rclcpp::NodeOptions&)’
   77 |   explicit TildeNode(
      |            ^~~~~~~~~
/home/akm/tilde-autoware/install/tilde/include/tilde/tilde_node.hpp:77:12: note:   candidate expects 3 arguments, 0 provided
/home/akm/tilde-autoware/install/tilde/include/tilde/tilde_node.hpp:72:12: note: candidate: ‘tilde::TildeNode::TildeNode(const string&, const rclcpp::NodeOptions&)’
   72 |   explicit TildeNode(
      |            ^~~~~~~~~
/home/akm/tilde-autoware/install/tilde/include/tilde/tilde_node.hpp:72:12: note:   candidate expects 2 arguments, 0 provided
gmake[2]: *** [CMakeFiles/ndt_scan_matcher.dir/build.make:90: CMakeFiles/ndt_scan_matcher.dir/src/ndt_scan_matcher_node.cpp.o] Error 1
gmake[2]: *** Waiting for unfinished jobs....
gmake[2]: *** [CMakeFiles/ndt_scan_matcher.dir/build.make:104: CMakeFiles/ndt_scan_matcher.dir/src/ndt_scan_matcher_core.cpp.o] Error 1
gmake[1]: *** [CMakeFiles/Makefile2:137: CMakeFiles/ndt_scan_matcher.dir/all] Error 2
gmake: *** [Makefile:146: all] Error 2
---
Failed   <<< ndt_scan_matcher [43.2s, exited with code 2]
Starting >>> path_distance_calculator
Finished <<< system_monitor [27.7s]
Starting >>> pose_initializer
--- stderr: lidar_apollo_segmentation_tvm
** WARNING ** io features related to pcap will be disabled
CMake Warning at /home/akm/tilde-autoware.universe/install/tvm_utility/share/tvm_utility/cmake/tvm_utility-extras.cmake:60 (message):
  Skipped download for baidu_cnn (enable by setting DOWNLOAD_ARTIFACTS)
Call Stack (most recent call first):
  CMakeLists.txt:34 (get_neural_network)


CMake Warning at CMakeLists.txt:83 (message):
  Neural network not found, skipping package.


---
Finished <<< lidar_apollo_segmentation_tvm [18.3s]
Starting >>> surround_obstacle_checker
Finished <<< multi_object_tracker [15.5s]
Starting >>> behavior_path_planner
Finished <<< object_merger [15.1s]
Starting >>> freespace_planner
Finished <<< obstacle_avoidance_planner [17.4s]
Starting >>> image_projection_based_fusion
Finished <<< map_based_prediction [22.6s]
Starting >>> mission_planner
Finished <<< motion_velocity_smoother [32.4s]
Starting >>> scenario_selector
Finished <<< path_distance_calculator [16.1s]
Starting >>> simple_planning_simulator
Finished <<< obstacle_cruise_planner [28.5s]
Starting >>> behavior_velocity_planner
Finished <<< detected_object_validation [44.3s]
Starting >>> autoware_auto_perception_rviz_plugin
Finished <<< obstacle_stop_planner [26.5s]
Starting >>> bag_time_manager_rviz_plugin
Finished <<< surround_obstacle_checker [21.2s]
Starting >>> bluetooth_monitor
Finished <<< trajectory_follower [44.9s]
Starting >>> pure_pursuit
Finished <<< freespace_planner [23.5s]
Starting >>> component_state_monitor
Finished <<< pose_initializer [27.4s]
Starting >>> dummy_infrastructure
Finished <<< bluetooth_monitor [6.65s]
Starting >>> initial_pose_button_panel
Finished <<< component_state_monitor [5.41s]
Starting >>> lanelet2_map_preprocessor
Finished <<< autoware_auto_perception_rviz_plugin [11.2s]
Starting >>> livox_tag_filter
--- stderr: bag_time_manager_rviz_plugin
CMake Warning (dev) at CMakeLists.txt:7 (find_package):
  Ignoring EXACT since no version is requested.
This warning is for project developers.  Use -Wno-dev to suppress it.

---
Finished <<< bag_time_manager_rviz_plugin [10.6s]
Starting >>> localization_error_monitor
Finished <<< dummy_infrastructure [6.43s]
Starting >>> polar_grid
Finished <<< simple_planning_simulator [18.7s]
Starting >>> rtc_auto_mode_manager
Finished <<< scenario_selector [21.6s]
Starting >>> rtc_manager_rviz_plugin
Finished <<< initial_pose_button_panel [10.9s]
Starting >>> rtc_replayer
Finished <<< localization_error_monitor [9.21s]
Starting >>> simulator_compatibility_test
Finished <<< rtc_auto_mode_manager [8.52s]
Starting >>> stop_filter
--- stderr: simulator_compatibility_test
/home/akm/.local/lib/python3.10/site-packages/setuptools/command/easy_install.py:144: EasyInstallDeprecationWarning: easy_install command is deprecated. Use build and pip and other standards-based tools.
  warnings.warn(
/home/akm/.local/lib/python3.10/site-packages/setuptools/command/install.py:34: SetuptoolsDeprecationWarning: setup.py install is deprecated. Use build and pip and other standards-based tools.
  warnings.warn(
/home/akm/.local/lib/python3.10/site-packages/pkg_resources/__init__.py:123: PkgResourcesDeprecationWarning: 0.1.43ubuntu1 is an invalid version and will not be supported in a future release
  warnings.warn(
/home/akm/.local/lib/python3.10/site-packages/pkg_resources/__init__.py:123: PkgResourcesDeprecationWarning: 1.1build1 is an invalid version and will not be supported in a future release
  warnings.warn(
---
Finished <<< simulator_compatibility_test [4.13s]
Starting >>> tier4_calibration_rviz_plugin
Finished <<< polar_grid [12.0s]
Starting >>> tier4_datetime_rviz_plugin
Finished <<< rtc_replayer [6.67s]
Starting >>> tier4_debug_rviz_plugin
Finished <<< rtc_manager_rviz_plugin [12.3s]
Starting >>> tier4_localization_rviz_plugin
--- stderr: livox_tag_filter
** WARNING ** io features related to pcap will be disabled
---
Finished <<< livox_tag_filter [17.6s]
Starting >>> tier4_screen_capture_rviz_plugin
Finished <<< stop_filter [8.60s]
Starting >>> tier4_simulated_clock_rviz_plugin
Finished <<< pure_pursuit [32.4s]
Starting >>> trajectory_follower_nodes
Finished <<< tier4_calibration_rviz_plugin [12.4s]
Starting >>> tier4_state_rviz_plugin
Finished <<< tier4_datetime_rviz_plugin [12.2s]
Starting >>> tier4_traffic_light_rviz_plugin
Finished <<< lanelet2_map_preprocessor [29.0s]
Starting >>> tier4_vehicle_launch
Finished <<< tier4_debug_rviz_plugin [13.6s]
Starting >>> topic_state_monitor
Finished <<< tier4_localization_rviz_plugin [13.2s]
Starting >>> trtexec_vendor
Finished <<< tier4_screen_capture_rviz_plugin [11.8s]
Starting >>> vehicle_velocity_converter
Finished <<< image_projection_based_fusion [55.6s]
Starting >>> velodyne_monitor
Finished <<< tier4_simulated_clock_rviz_plugin [11.7s]
Starting >>> web_controller
Finished <<< tier4_vehicle_launch [4.17s]
Starting >>> crosswalk_traffic_light_estimator
Finished <<< trtexec_vendor [6.31s]
Starting >>> dummy_diag_publisher
Finished <<< topic_state_monitor [7.23s]
Starting >>> elevation_map_loader
Finished <<< web_controller [3.92s]
Starting >>> front_vehicle_velocity_estimator
Finished <<< velodyne_monitor [5.70s]
Starting >>> gnss_poser
Finished <<< vehicle_velocity_converter [8.08s]
Starting >>> goal_distance_calculator
Finished <<< tier4_state_rviz_plugin [13.5s]
Starting >>> image_diagnostics
Finished <<< tier4_traffic_light_rviz_plugin [15.9s]
Starting >>> imu_corrector
Finished <<< dummy_diag_publisher [10.1s]
Starting >>> joy_controller
Finished <<< gnss_poser [8.75s]
Starting >>> kinematic_evaluator
Finished <<< crosswalk_traffic_light_estimator [14.5s]
Starting >>> localization_evaluator
Finished <<< goal_distance_calculator [9.55s]
Starting >>> obstacle_collision_checker
Finished <<< image_diagnostics [11.0s]
Starting >>> probabilistic_occupancy_grid_map
Finished <<< imu_corrector [9.57s]
Starting >>> radar_fusion_to_detected_object
Finished <<< front_vehicle_velocity_estimator [18.0s]
Starting >>> radar_tracks_msgs_converter
Finished <<< joy_controller [9.88s]
Starting >>> tier4_control_rviz_plugin
Finished <<< kinematic_evaluator [13.1s]
Starting >>> tier4_sensing_launch
Finished <<< localization_evaluator [12.7s]
Starting >>> tier4_vehicle_rviz_plugin
--- stderr: elevation_map_loader
** WARNING ** io features related to pcap will be disabled
** WARNING ** io features related to png will be disabled
In file included from /home/akm/tilde-autoware.universe/perception/elevation_map_loader/src/elevation_map_loader_node.cpp:15:
/home/akm/tilde-autoware.universe/perception/elevation_map_loader/include/elevation_map_loader/elevation_map_loader_node.hpp:20:10: fatal error: grid_map_pcl/GridMapPclLoader.hpp: No such file or directory
   20 | #include <grid_map_pcl/GridMapPclLoader.hpp>
      |          ^~~~~~~~~~~~~~~~~~~~~~~~~~~~~~~~~~~
compilation terminated.
gmake[2]: *** [CMakeFiles/elevation_map_loader_node.dir/build.make:76: CMakeFiles/elevation_map_loader_node.dir/src/elevation_map_loader_node.cpp.o] Error 1
gmake[1]: *** [CMakeFiles/Makefile2:139: CMakeFiles/elevation_map_loader_node.dir/all] Error 2
gmake: *** [Makefile:146: all] Error 2
---
Failed   <<< elevation_map_loader [25.5s, exited with code 2]
Starting >>> twist2accel
Finished <<< radar_fusion_to_detected_object [10.3s]
Starting >>> vehicle_constants_manager
Finished <<< tier4_sensing_launch [4.10s]
Starting >>> steer_offset_estimator
Finished <<< radar_tracks_msgs_converter [10.1s]
Starting >>> tier4_map_launch
Finished <<< obstacle_collision_checker [20.5s]
Starting >>> tier4_perception_rviz_plugin
Finished <<< vehicle_constants_manager [5.43s]
Starting >>> tier4_system_launch
Finished <<< tier4_map_launch [4.03s]
Starting >>> accel_brake_map_calibrator
Finished <<< twist2accel [8.13s]
Starting >>> heatmap_visualizer
Finished <<< tier4_control_rviz_plugin [14.9s]
Starting >>> operation_mode_transition_manager
Finished <<< steer_offset_estimator [7.90s]
Starting >>> planning_debug_tools
Finished <<< tier4_system_launch [4.64s]
Starting >>> planning_evaluator
--- stderr: mission_planner
/home/akm/tilde-autoware.universe/planning/mission_planner/src/mission_planner/mission_planner.cpp: In constructor ‘mission_planner::MissionPlanner::MissionPlanner(const rclcpp::NodeOptions&)’:
/home/akm/tilde-autoware.universe/planning/mission_planner/src/mission_planner/mission_planner.cpp:80:11: error: ‘const class component_interface_utils::NodeAdaptor’ has no member named ‘init_tilde_pub’
   80 |   adaptor.init_tilde_pub(pub_route_);
      |           ^~~~~~~~~~~~~~
gmake[2]: *** [CMakeFiles/mission_planner_component.dir/build.make:76: CMakeFiles/mission_planner_component.dir/src/mission_planner/mission_planner.cpp.o] Error 1
gmake[1]: *** [CMakeFiles/Makefile2:197: CMakeFiles/mission_planner_component.dir/all] Error 2
gmake: *** [Makefile:146: all] Error 2
---
Failed   <<< mission_planner [1min 40s, exited with code 2]
Starting >>> tier4_debug_tools
Finished <<< probabilistic_occupancy_grid_map [35.9s]
Starting >>> tier4_planning_rviz_plugin
Finished <<< tier4_perception_rviz_plugin [37.9s]
Starting >>> control_performance_analysis
Finished <<< trajectory_follower_nodes [1min 28s]
Starting >>> lidar_apollo_segmentation_tvm_nodes
--- stderr: lidar_apollo_segmentation_tvm_nodes
CMake Warning at CMakeLists.txt:50 (message):
  lidar_apollo_segmentation_tvm not built, skipping package.


---
Finished <<< lidar_apollo_segmentation_tvm_nodes [11.0s]
Starting >>> tier4_autoware_api_launch
Finished <<< tier4_debug_tools [48.6s]
Starting >>> tier4_simulator_launch
Finished <<< tier4_autoware_api_launch [5.62s]
Starting >>> tier4_control_launch
Finished <<< heatmap_visualizer [1min 1s]
Finished <<< tier4_simulator_launch [5.98s]
Finished <<< tier4_control_launch [4.71s]
[Processing: accel_brake_map_calibrator, behavior_path_planner, behavior_velocity_planner, control_performance_analysis, operation_mode_transition_manager, planning_debug_tools, planning_evaluator, tier4_planning_rviz_plugin, tier4_vehicle_rviz_plugin]
Finished <<< planning_debug_tools [1min 38s]
Finished <<< accel_brake_map_calibrator [1min 41s]
Finished <<< tier4_vehicle_rviz_plugin [2min 7s]
Finished <<< control_performance_analysis [1min 45s]
Finished <<< operation_mode_transition_manager [2min 28s]
[Processing: behavior_path_planner, behavior_velocity_planner, planning_evaluator, tier4_planning_rviz_plugin]
Finished <<< planning_evaluator [3min 3s]
[Processing: behavior_path_planner, behavior_velocity_planner, tier4_planning_rviz_plugin]
Finished <<< tier4_planning_rviz_plugin [3min 41s]
Finished <<< behavior_path_planner [5min 38s]
[Processing: behavior_velocity_planner]
Finished <<< behavior_velocity_planner [5min 57s]

Summary: 148 packages finished [7min 39s]
  4 packages failed: elevation_map_loader mission_planner ndt_scan_matcher pointcloud_preprocessor
  13 packages had stderr output: bag_time_manager_rviz_plugin elevation_map_loader lidar_apollo_instance_segmentation lidar_apollo_segmentation_tvm lidar_apollo_segmentation_tvm_nodes livox_tag_filter map_loader map_tf_generator mission_planner ndt_scan_matcher pointcloud_preprocessor simulator_compatibility_test tvm_utility
  8 packages not processed
